{"/Users/maxshick/Desktop/express-boilterplate/src/app.ts": {"path":"/Users/maxshick/Desktop/express-boilterplate/src/app.ts","statementMap":{"0":{"start":{"line":4,"column":6},"end":{"line":4,"column":null}},"1":{"start":{"line":6,"column":13},"end":{"line":6,"column":null}},"2":{"start":{"line":8,"column":0},"end":{"line":10,"column":null}},"3":{"start":{"line":9,"column":2},"end":{"line":9,"column":null}},"4":{"start":{"line":12,"column":0},"end":{"line":14,"column":null}},"5":{"start":{"line":13,"column":2},"end":{"line":13,"column":null}}},"fnMap":{"0":{"name":"(anonymous_0)","decl":{"start":{"line":8,"column":13},"end":{"line":8,"column":14}},"loc":{"start":{"line":8,"column":27},"end":{"line":10,"column":1}},"line":8},"1":{"name":"(anonymous_1)","decl":{"start":{"line":12,"column":17},"end":{"line":12,"column":23}},"loc":{"start":{"line":12,"column":23},"end":{"line":14,"column":1}},"line":12}},"branchMap":{"0":{"loc":{"start":{"line":6,"column":13},"end":{"line":6,"column":null}},"type":"binary-expr","locations":[{"start":{"line":6,"column":13},"end":{"line":6,"column":36}},{"start":{"line":6,"column":36},"end":{"line":6,"column":null}}],"line":6}},"s":{"0":1,"1":1,"2":1,"3":1,"4":1,"5":1},"f":{"0":1,"1":1},"b":{"0":[1,0]},"meta":{"lastBranch":1,"lastFunction":2,"lastStatement":6,"seen":{"s:4:6:4:Infinity":0,"s:6:13:6:Infinity":1,"b:6:13:6:36:6:36:6:Infinity":0,"s:8:0:10:Infinity":2,"f:8:13:8:14":0,"s:9:2:9:Infinity":3,"s:12:0:14:Infinity":4,"f:12:17:12:23":1,"s:13:2:13:Infinity":5}}}
}
